Arguments: 
  /usr/local/bin/node /usr/local/bin/yarn add pouchdb

PATH: 
  /Users/jameym/wpilib/simulation/sim:/usr/local/bin:/usr/bin:/bin:/usr/sbin:/sbin:/opt/X11/bin:/usr/local/share/dotnet:/usr/local/go/bin:/Library/Frameworks/Mono.framework/Versions/Current/Commands:/usr/local/bin:/Users/jameym/github.com/christmedical/christmedical-sdk/depot_tools:~/bin:/usr/local/go/bin:/Users/jameym/go-projects/bin:eval PATH="/usr/local/bin:/usr/bin:/bin:/usr/sbin:/sbin:/opt/X11/bin:/usr/local/share/dotnet:/usr/local/go/bin:/Library/Frameworks/Mono.framework/Versions/Current/Commands:/Users/jameym/github.com/christmedical/christmedical-sdk/depot_tools:~/bin:/Users/jameym/go-projects/bin"; export PATH;

Yarn version: 
  0.24.5

Node version: 
  6.11.0

Platform: 
  darwin x64

npm manifest: 
  {
    "name": "christmedical-sdk",
    "version": "1.0.0",
    "description": "ChristMedical: Client SDK",
    "main": "index.js",
    "scripts": {
      "build": "echo build",
      "deploy": "echo deploy",
      "test": "echo \"Error: no test specified\" && exit 1"
    },
    "repository": {
      "type": "git",
      "url": "git+https://github.com/christmedical/christmedical-sdk.git"
    },
    "keywords": [],
    "author": "Jamey McElveen <jamey@mcelveen.us>",
    "license": "MIT",
    "bugs": {
      "url": "https://github.com/christmedical/christmedical-sdk/issues"
    },
    "homepage": "https://github.com/christmedical/christmedical-sdk#readme",
    "dependencies": {
      "vuex": "^2.4.0"
    }
  }

yarn manifest: 
  No manifest

Lockfile: 
  No lockfile

Trace: 
  Error: getaddrinfo ENOTFOUND registry.yarnpkg.com registry.yarnpkg.com:443
      at errnoException (dns.js:28:10)
      at GetAddrInfoReqWrap.onlookup [as oncomplete] (dns.js:76:26)
